<?xml version="1.0" encoding="utf-8"?><testsuites name="pytest tests"><testsuite name="pytest" errors="0" failures="0" skipped="0" tests="11" time="4.764" timestamp="2026-05-16T18:08:30.790490+00:00" hostname="agent-env-666141c3-b900-4485-8676-ae0018077cda"><testcase classname="backend.tests.backend_test.TestAuth" name="test_login_wrong_password" time="0.331" /><testcase classname="backend.tests.backend_test.TestAuth" name="test_login_wrong_user" time="0.197" /><testcase classname="backend.tests.backend_test.TestAuth" name="test_protected_requires_token" time="0.140" /><testcase classname="backend.tests.backend_test.TestAuth" name="test_me" time="0.263" /><testcase classname="backend.tests.backend_test.TestSpareParts" name="test_list_seeded_parts" time="0.117" /><testcase classname="backend.tests.backend_test.TestSpareParts" name="test_add_stock_and_log" time="0.382" /><testcase classname="backend.tests.backend_test.TestSpareParts" name="test_add_stock_invalid_qty" time="0.238" /><testcase classname="backend.tests.backend_test.TestParties" name="test_party_crud" time="0.664" /><testcase classname="backend.tests.backend_test.TestJobsAndDispatch" name="test_full_job_lifecycle" time="1.912" /><testcase classname="backend.tests.backend_test.TestJobsAndDispatch" name="test_create_job_validation" time="0.245" /><testcase classname="backend.tests.backend_test.TestJobsAndDispatch" name="test_get_nonexistent_job" time="0.119" /></testsuite></testsuites>